Arguments: 
  /usr/local/bin/node /Users/fabriciopolicarpo/.yarn/bin/yarn.js add @types/stream -D

PATH: 
  /usr/local/opt/node@12/bin:/usr/local/opt/node@12/bin:/Users/fabriciopolicarpo/.yarn/bin:/Users/fabriciopolicarpo/.config/yarn/global/node_modules/.bin:/Library/Frameworks/Python.framework/Versions/3.9/bin:/Users/fabriciopolicarpo/.cargo/bin:/Library/Frameworks/Python.framework/Versions/3.7/bin:/usr/local/bin:/usr/bin:/bin:/usr/sbin:/sbin:/Library/Apple/usr/bin:/usr/local/opt/node@12/bin:/Users/fabriciopolicarpo/.yarn/bin:/Users/fabriciopolicarpo/.config/yarn/global/node_modules/.bin:/Library/Frameworks/Python.framework/Versions/3.9/bin:/Users/fabriciopolicarpo/.cargo/bin:/Library/Frameworks/Python.framework/Versions/3.7/bin

Yarn version: 
  1.22.5

Node version: 
  14.15.4

Platform: 
  darwin x64

Trace: 
  Error: https://registry.yarnpkg.com/@types%2fstream: Not found
      at Request.params.callback [as _callback] (/Users/fabriciopolicarpo/.yarn/lib/cli.js:66988:18)
      at Request.self.callback (/Users/fabriciopolicarpo/.yarn/lib/cli.js:140749:22)
      at Request.emit (events.js:315:20)
      at Request.<anonymous> (/Users/fabriciopolicarpo/.yarn/lib/cli.js:141721:10)
      at Request.emit (events.js:315:20)
      at IncomingMessage.<anonymous> (/Users/fabriciopolicarpo/.yarn/lib/cli.js:141643:12)
      at Object.onceWrapper (events.js:421:28)
      at IncomingMessage.emit (events.js:327:22)
      at endReadableNT (internal/streams/readable.js:1327:12)
      at processTicksAndRejections (internal/process/task_queues.js:80:21)

npm manifest: 
  {
    "name": "node",
    "version": "1.0.0",
    "main": "index.js",
    "license": "MIT",
    "dependencies": {
      "express": "^4.17.1"
    }
  }

yarn manifest: 
  No manifest

Lockfile: 
  No lockfile
